D:\CODE\GAME\GAMEVS\CONSOLEAPPLICATION1\CONSOLEAPPLICATION1\DEBUG\MAIN.OBJ
D:\CODE\GAME\GAMEVS\CONSOLEAPPLICATION1\CONSOLEAPPLICATION1\DEBUG\VC110.PDB
D:\CODE\GAME\GAMEVS\CONSOLEAPPLICATION1\DEBUG\CONSOLEAPPLICATION1.ILK
D:\CODE\GAME\GAMEVS\CONSOLEAPPLICATION1\DEBUG\CONSOLEAPPLICATION1.EXE
D:\CODE\GAME\GAMEVS\CONSOLEAPPLICATION1\DEBUG\CONSOLEAPPLICATION1.PDB
D:\CODE\GAME\GameVs\ConsoleApplication1\ConsoleApplication1\Debug\main.obj
D:\CODE\GAME\GameVs\ConsoleApplication1\ConsoleApplication1\Debug\cl.command.1.tlog
D:\CODE\GAME\GameVs\ConsoleApplication1\ConsoleApplication1\Debug\CL.read.1.tlog
D:\CODE\GAME\GameVs\ConsoleApplication1\ConsoleApplication1\Debug\CL.write.1.tlog
D:\CODE\GAME\GameVs\ConsoleApplication1\ConsoleApplication1\Debug\link-cvtres.read.1.tlog
D:\CODE\GAME\GameVs\ConsoleApplication1\ConsoleApplication1\Debug\link-cvtres.write.1.tlog
D:\CODE\GAME\GameVs\ConsoleApplication1\ConsoleApplication1\Debug\link-rc.read.1.tlog
D:\CODE\GAME\GameVs\ConsoleApplication1\ConsoleApplication1\Debug\link-rc.write.1.tlog
D:\CODE\GAME\GameVs\ConsoleApplication1\ConsoleApplication1\Debug\link.command.1.tlog
D:\CODE\GAME\GameVs\ConsoleApplication1\ConsoleApplication1\Debug\link.read.1.tlog
D:\CODE\GAME\GameVs\ConsoleApplication1\ConsoleApplication1\Debug\link.write.1.tlog
D:\CODE\GAME\GameVs\ConsoleApplication1\ConsoleApplication1\Debug\vc110.idb
D:\CODE\GAME\GameVs\ConsoleApplication1\ConsoleApplication1\Debug\vc110.pdb
D:\CODE\GAME\GameVs\ConsoleApplication1\Debug\ConsoleApplication1.pdb
D:\CODE\GAME\GameVs\ConsoleApplication1\Debug\ConsoleApplication1.exe
D:\CODE\GAME\GameVs\ConsoleApplication1\Debug\ConsoleApplication1.ilk
